<?xml version="1.0" encoding="UTF-8"?>
<testsuite xmlns:xsi="http://www.w3.org/2001/XMLSchema-instance" xsi:noNamespaceSchemaLocation="https://maven.apache.org/surefire/maven-surefire-plugin/xsd/surefire-test-report.xsd" name="com.grupitxo.testes.FuncionarioDbAdapterTest" time="1.549" tests="5" errors="0" skipped="0" failures="0">
  <properties>
[...]
</properties>
  <testcase name="testaSalvarFuncionario" classname="com.grupitxo.testes.FuncionarioDbAdapterTest" time="0.954"/>
  <testcase name="testaBuscarFuncionarioPorNome" classname="com.grupitxo.testes.FuncionarioDbAdapterTest" time="0.071"/>
  <testcase name="testaAtualizarFuncionario" classname="com.grupitxo.testes.FuncionarioDbAdapterTest" time="0.069"/>
  <testcase name="testaRemoverFuncionario" classname="com.grupitxo.testes.FuncionarioDbAdapterTest" time="0.127"/>
  <testcase name="testaBuscarFuncionarioPorId" classname="com.grupitxo.testes.FuncionarioDbAdapterTest" time="0.082"/>
</testsuite>